<?xml version="1.0" encoding="UTF-8"?>
<!-- Generated by org.testng.reporters.JUnitReportReporter -->
<testsuite hostname="LAPTOP-7R3ISEKB" failures="0" tests="9" name="tests.LoginTests" time="27.203" errors="0" timestamp="2024-11-10T15:51:29 EET" skipped="0">
  <testcase classname="tests.LoginTests" name="testLoginMultipleUsers" time="7.388"/>
  <testcase classname="tests.LoginTests" name="testEmptyPassword" time="2.308"/>
  <testcase classname="tests.LoginTests" name="testEmptyUsername" time="3.442"/>
  <testcase classname="tests.LoginTests" name="testLoginMultipleUsers" time="2.350"/>
  <testcase classname="tests.LoginTests" name="testLoginMultipleUsers" time="2.344"/>
  <testcase classname="tests.LoginTests" name="testInvalidLogin" time="2.311"/>
  <testcase classname="tests.LoginTests" name="testLoginMultipleUsers" time="2.424"/>
  <testcase classname="tests.LoginTests" name="testLoginMultipleUsers" time="2.255"/>
  <testcase classname="tests.LoginTests" name="testLoginMultipleUsers" time="2.381"/>
</testsuite> <!-- tests.LoginTests -->
